# JRE version: Java(TM) SE Runtime Environment (8.0_151-b12) (build 1.8.0_151-b12)
# Java VM: Java HotSpot(TM) 64-Bit Server VM (25.151-b12 mixed mode windows-amd64 compressed oops)
Heap:
 PSYoungGen      total 614912K, used 143148K [0x00000000d5580000, 0x00000000ffc80000, 0x0000000100000000)
  eden space 590336K, 20% used [0x00000000d5580000,0x00000000dc9619d0,0x00000000f9600000)
  from space 24576K, 99% used [0x00000000f9600000,0x00000000fade9798,0x00000000fae00000)
  to   space 51712K, 0% used [0x00000000fca00000,0x00000000fca00000,0x00000000ffc80000)
 ParOldGen       total 152576K, used 103891K [0x0000000080000000, 0x0000000089500000, 0x00000000d5580000)
  object space 152576K, 68% used [0x0000000080000000,0x0000000086574fc0,0x0000000089500000)
 Metaspace       used 67781K, capacity 68526K, committed 68776K, reserved 1110016K
  class space    used 8825K, capacity 9007K, committed 9128K, reserved 1048576K
GC Heap History (10 events):
Event: 91.288 GC heap before
{Heap before GC invocations=18 (full 3):
 PSYoungGen      total 636416K, used 608660K [0x00000000d5580000, 0x0000000100000000, 0x0000000100000000)
  eden space 605696K, 100% used [0x00000000d5580000,0x00000000fa500000,0x00000000fa500000)
  from space 30720K, 9% used [0x00000000fe200000,0x00000000fe4e5070,0x0000000100000000)
  to   space 46592K, 0% used [0x00000000fa500000,0x00000000fa500000,0x00000000fd280000)
 ParOldGen       total 152576K, used 84334K [0x0000000080000000, 0x0000000089500000, 0x00000000d5580000)
  object space 152576K, 55% used [0x0000000080000000,0x000000008525ba30,0x0000000089500000)
 Metaspace       used 55981K, capacity 56500K, committed 57000K, reserved 1099776K
  class space    used 7184K, capacity 7335K, committed 7336K, reserved 1048576K
Event: 93.271 GC heap after
Heap after GC invocations=18 (full 3):
 PSYoungGen      total 633856K, used 28108K [0x00000000d5580000, 0x0000000100000000, 0x0000000100000000)
  eden space 605696K, 0% used [0x00000000d5580000,0x00000000d5580000,0x00000000fa500000)
  from space 28160K, 99% used [0x00000000fa500000,0x00000000fc073110,0x00000000fc080000)
  to   space 47616K, 0% used [0x00000000fd180000,0x00000000fd180000,0x0000000100000000)
 ParOldGen       total 152576K, used 87311K [0x0000000080000000, 0x0000000089500000, 0x00000000d5580000)
  object space 152576K, 57% used [0x0000000080000000,0x0000000085543f80,0x0000000089500000)
 Metaspace       used 55981K, capacity 56500K, committed 57000K, reserved 1099776K
  class space    used 7184K, capacity 7335K, committed 7336K, reserved 1048576K
}
Event: 99.047 GC heap before
{Heap before GC invocations=19 (full 3):
 PSYoungGen      total 633856K, used 633804K [0x00000000d5580000, 0x0000000100000000, 0x0000000100000000)
  eden space 605696K, 100% used [0x00000000d5580000,0x00000000fa500000,0x00000000fa500000)
  from space 28160K, 99% used [0x00000000fa500000,0x00000000fc073110,0x00000000fc080000)
  to   space 47616K, 0% used [0x00000000fd180000,0x00000000fd180000,0x0000000100000000)
 ParOldGen       total 152576K, used 87311K [0x0000000080000000, 0x0000000089500000, 0x00000000d5580000)
  object space 152576K, 57% used [0x0000000080000000,0x0000000085543f80,0x0000000089500000)
 Metaspace       used 57835K, capacity 58348K, committed 58792K, reserved 1099776K
  class space    used 7421K, capacity 7563K, committed 7592K, reserved 1048576K
Event: 100.574 GC heap after
Heap after GC invocations=19 (full 3):
 PSYoungGen      total 638976K, used 42663K [0x00000000d5580000, 0x0000000100000000, 0x0000000100000000)
  eden space 591360K, 0% used [0x00000000d5580000,0x00000000d5580000,0x00000000f9700000)
  from space 47616K, 89% used [0x00000000fd180000,0x00000000ffb29f78,0x0000000100000000)
  to   space 53760K, 0% used [0x00000000f9700000,0x00000000f9700000,0x00000000fcb80000)
 ParOldGen       total 152576K, used 90439K [0x0000000080000000, 0x0000000089500000, 0x00000000d5580000)
  object space 152576K, 59% used [0x0000000080000000,0x0000000085851e70,0x0000000089500000)
 Metaspace       used 57835K, capacity 58348K, committed 58792K, reserved 1099776K
  class space    used 7421K, capacity 7563K, committed 7592K, reserved 1048576K
}
Event: 108.353 GC heap before
{Heap before GC invocations=20 (full 3):
 PSYoungGen      total 638976K, used 634023K [0x00000000d5580000, 0x0000000100000000, 0x0000000100000000)
  eden space 591360K, 100% used [0x00000000d5580000,0x00000000f9700000,0x00000000f9700000)
  from space 47616K, 89% used [0x00000000fd180000,0x00000000ffb29f78,0x0000000100000000)
  to   space 53760K, 0% used [0x00000000f9700000,0x00000000f9700000,0x00000000fcb80000)
 ParOldGen       total 152576K, used 90439K [0x0000000080000000, 0x0000000089500000, 0x00000000d5580000)
  object space 152576K, 59% used [0x0000000080000000,0x0000000085851e70,0x0000000089500000)
 Metaspace       used 58616K, capacity 59172K, committed 59688K, reserved 1101824K
  class space    used 7519K, capacity 7663K, committed 7720K, reserved 1048576K
Event: 108.393 GC heap after
Heap after GC invocations=20 (full 3):
 PSYoungGen      total 645120K, used 26582K [0x00000000d5580000, 0x0000000100000000, 0x0000000100000000)
  eden space 591360K, 0% used [0x00000000d5580000,0x00000000d5580000,0x00000000f9700000)
  from space 53760K, 49% used [0x00000000f9700000,0x00000000fb0f5a78,0x00000000fcb80000)
  to   space 52736K, 0% used [0x00000000fcc80000,0x00000000fcc80000,0x0000000100000000)
 ParOldGen       total 152576K, used 94623K [0x0000000080000000, 0x0000000089500000, 0x00000000d5580000)
  object space 152576K, 62% used [0x0000000080000000,0x0000000085c67e80,0x0000000089500000)
 Metaspace       used 58616K, capacity 59172K, committed 59688K, reserved 1101824K
  class space    used 7519K, capacity 7663K, committed 7720K, reserved 1048576K
}
Event: 113.278 GC heap before
{Heap before GC invocations=21 (full 3):
 PSYoungGen      total 645120K, used 617942K [0x00000000d5580000, 0x0000000100000000, 0x0000000100000000)
  eden space 591360K, 100% used [0x00000000d5580000,0x00000000f9700000,0x00000000f9700000)
  from space 53760K, 49% used [0x00000000f9700000,0x00000000fb0f5a78,0x00000000fcb80000)
  to   space 52736K, 0% used [0x00000000fcc80000,0x00000000fcc80000,0x0000000100000000)
 ParOldGen       total 152576K, used 94623K [0x0000000080000000, 0x0000000089500000, 0x00000000d5580000)
  object space 152576K, 62% used [0x0000000080000000,0x0000000085c67e80,0x0000000089500000)
 Metaspace       used 59593K, capacity 60162K, committed 60584K, reserved 1101824K
  class space    used 7650K, capacity 7780K, committed 7848K, reserved 1048576K
Event: 113.903 GC heap after
Heap after GC invocations=21 (full 3):
 PSYoungGen      total 643072K, used 34765K [0x00000000d5580000, 0x0000000100000000, 0x0000000100000000)
  eden space 590336K, 0% used [0x00000000d5580000,0x00000000d5580000,0x00000000f9600000)
  from space 52736K, 65% used [0x00000000fcc80000,0x00000000fee736f0,0x0000000100000000)
  to   space 54272K, 0% used [0x00000000f9600000,0x00000000f9600000,0x00000000fcb00000)
 ParOldGen       total 152576K, used 99263K [0x0000000080000000, 0x0000000089500000, 0x00000000d5580000)
  object space 152576K, 65% used [0x0000000080000000,0x00000000860efef0,0x0000000089500000)
 Metaspace       used 59593K, capacity 60162K, committed 60584K, reserved 1101824K
  class space    used 7650K, capacity 7780K, committed 7848K, reserved 1048576K
}
Event: 138.096 GC heap before
{Heap before GC invocations=22 (full 3):
 PSYoungGen      total 643072K, used 625101K [0x00000000d5580000, 0x0000000100000000, 0x0000000100000000)
  eden space 590336K, 100% used [0x00000000d5580000,0x00000000f9600000,0x00000000f9600000)
  from space 52736K, 65% used [0x00000000fcc80000,0x00000000fee736f0,0x0000000100000000)
  to   space 54272K, 0% used [0x00000000f9600000,0x00000000f9600000,0x00000000fcb00000)
 ParOldGen       total 152576K, used 99263K [0x0000000080000000, 0x0000000089500000, 0x00000000d5580000)
  object space 152576K, 65% used [0x0000000080000000,0x00000000860efef0,0x0000000089500000)
 Metaspace       used 63325K, capacity 64088K, committed 64168K, reserved 1105920K
  class space    used 8163K, capacity 8351K, committed 8360K, reserved 1048576K
Event: 138.163 GC heap after
Heap after GC invocations=22 (full 3):
 PSYoungGen      total 614912K, used 24485K [0x00000000d5580000, 0x00000000ffc80000, 0x0000000100000000)
  eden space 590336K, 0% used [0x00000000d5580000,0x00000000d5580000,0x00000000f9600000)
  from space 24576K, 99% used [0x00000000f9600000,0x00000000fade9798,0x00000000fae00000)
  to   space 51712K, 0% used [0x00000000fca00000,0x00000000fca00000,0x00000000ffc80000)
 ParOldGen       total 152576K, used 103891K [0x0000000080000000, 0x0000000089500000, 0x00000000d5580000)
  object space 152576K, 68% used [0x0000000080000000,0x0000000086574fc0,0x0000000089500000)
 Metaspace       used 63325K, capacity 64088K, committed 64168K, reserved 1105920K
  class space    used 8163K, capacity 8351K, committed 8360K, reserved 1048576K
}

