# JRE version: Java(TM) SE Runtime Environment (8.0_151-b12) (build 1.8.0_151-b12)
# Java VM: Java HotSpot(TM) 64-Bit Server VM (25.151-b12 mixed mode windows-amd64 compressed oops)
Heap:
 PSYoungGen      total 645120K, used 377970K [0x00000000d5580000, 0x00000000fff00000, 0x0000000100000000)
  eden space 591360K, 59% used [0x00000000d5580000,0x00000000eabb8bd0,0x00000000f9700000)
  from space 53760K, 51% used [0x00000000f9700000,0x00000000fb1e3fc0,0x00000000fcb80000)
  to   space 52736K, 0% used [0x00000000fcb80000,0x00000000fcb80000,0x00000000fff00000)
 ParOldGen       total 180736K, used 77429K [0x0000000080000000, 0x000000008b080000, 0x00000000d5580000)
  object space 180736K, 42% used [0x0000000080000000,0x0000000084b9d4e0,0x000000008b080000)
 Metaspace       used 67768K, capacity 68526K, committed 68760K, reserved 1110016K
  class space    used 8822K, capacity 9007K, committed 9112K, reserved 1048576K
GC Heap History (10 events):
Event: 112.317 GC heap before
{Heap before GC invocations=20 (full 2):
 PSYoungGen      total 644608K, used 633576K [0x00000000d5580000, 0x0000000100000000, 0x0000000100000000)
  eden space 598528K, 100% used [0x00000000d5580000,0x00000000f9e00000,0x00000000f9e00000)
  from space 46080K, 76% used [0x00000000f9e00000,0x00000000fc03a010,0x00000000fcb00000)
  to   space 49664K, 0% used [0x00000000fcf80000,0x00000000fcf80000,0x0000000100000000)
 ParOldGen       total 101376K, used 72771K [0x0000000080000000, 0x0000000086300000, 0x00000000d5580000)
  object space 101376K, 71% used [0x0000000080000000,0x0000000084710fc0,0x0000000086300000)
 Metaspace       used 58295K, capacity 58776K, committed 59160K, reserved 1101824K
  class space    used 7473K, capacity 7597K, committed 7704K, reserved 1048576K
Event: 112.723 GC heap after
Heap after GC invocations=20 (full 2):
 PSYoungGen      total 645120K, used 34449K [0x00000000d5580000, 0x0000000100000000, 0x0000000100000000)
  eden space 595456K, 0% used [0x00000000d5580000,0x00000000d5580000,0x00000000f9b00000)
  from space 49664K, 69% used [0x00000000fcf80000,0x00000000ff124618,0x0000000100000000)
  to   space 51712K, 0% used [0x00000000f9b00000,0x00000000f9b00000,0x00000000fcd80000)
 ParOldGen       total 101376K, used 76379K [0x0000000080000000, 0x0000000086300000, 0x00000000d5580000)
  object space 101376K, 75% used [0x0000000080000000,0x0000000084a96e70,0x0000000086300000)
 Metaspace       used 58295K, capacity 58776K, committed 59160K, reserved 1101824K
  class space    used 7473K, capacity 7597K, committed 7704K, reserved 1048576K
}
Event: 113.200 GC heap before
{Heap before GC invocations=21 (full 2):
 PSYoungGen      total 645120K, used 45761K [0x00000000d5580000, 0x0000000100000000, 0x0000000100000000)
  eden space 595456K, 1% used [0x00000000d5580000,0x00000000d608bf18,0x00000000f9b00000)
  from space 49664K, 69% used [0x00000000fcf80000,0x00000000ff124618,0x0000000100000000)
  to   space 51712K, 0% used [0x00000000f9b00000,0x00000000f9b00000,0x00000000fcd80000)
 ParOldGen       total 101376K, used 76379K [0x0000000080000000, 0x0000000086300000, 0x00000000d5580000)
  object space 101376K, 75% used [0x0000000080000000,0x0000000084a96e70,0x0000000086300000)
 Metaspace       used 58305K, capacity 58776K, committed 59160K, reserved 1101824K
  class space    used 7474K, capacity 7597K, committed 7704K, reserved 1048576K
Event: 113.311 GC heap after
Heap after GC invocations=21 (full 2):
 PSYoungGen      total 595968K, used 128K [0x00000000d5580000, 0x0000000100000000, 0x0000000100000000)
  eden space 595456K, 0% used [0x00000000d5580000,0x00000000d5580000,0x00000000f9b00000)
  from space 512K, 25% used [0x00000000f9b00000,0x00000000f9b20000,0x00000000f9b80000)
  to   space 52736K, 0% used [0x00000000fcc80000,0x00000000fcc80000,0x0000000100000000)
 ParOldGen       total 109568K, used 109093K [0x0000000080000000, 0x0000000086b00000, 0x00000000d5580000)
  object space 109568K, 99% used [0x0000000080000000,0x0000000086a89520,0x0000000086b00000)
 Metaspace       used 58305K, capacity 58776K, committed 59160K, reserved 1101824K
  class space    used 7474K, capacity 7597K, committed 7704K, reserved 1048576K
}
Event: 113.311 GC heap before
{Heap before GC invocations=22 (full 3):
 PSYoungGen      total 595968K, used 128K [0x00000000d5580000, 0x0000000100000000, 0x0000000100000000)
  eden space 595456K, 0% used [0x00000000d5580000,0x00000000d5580000,0x00000000f9b00000)
  from space 512K, 25% used [0x00000000f9b00000,0x00000000f9b20000,0x00000000f9b80000)
  to   space 52736K, 0% used [0x00000000fcc80000,0x00000000fcc80000,0x0000000100000000)
 ParOldGen       total 109568K, used 109093K [0x0000000080000000, 0x0000000086b00000, 0x00000000d5580000)
  object space 109568K, 99% used [0x0000000080000000,0x0000000086a89520,0x0000000086b00000)
 Metaspace       used 58305K, capacity 58776K, committed 59160K, reserved 1101824K
  class space    used 7474K, capacity 7597K, committed 7704K, reserved 1048576K
Event: 115.708 GC heap after
Heap after GC invocations=22 (full 3):
 PSYoungGen      total 595968K, used 0K [0x00000000d5580000, 0x0000000100000000, 0x0000000100000000)
  eden space 595456K, 0% used [0x00000000d5580000,0x00000000d5580000,0x00000000f9b00000)
  from space 512K, 0% used [0x00000000f9b00000,0x00000000f9b00000,0x00000000f9b80000)
  to   space 52736K, 0% used [0x00000000fcc80000,0x00000000fcc80000,0x0000000100000000)
 ParOldGen       total 180736K, used 72641K [0x0000000080000000, 0x000000008b080000, 0x00000000d5580000)
  object space 180736K, 40% used [0x0000000080000000,0x00000000846f0450,0x000000008b080000)
 Metaspace       used 58301K, capacity 58770K, committed 59160K, reserved 1101824K
  class space    used 7473K, capacity 7596K, committed 7704K, reserved 1048576K
}
Event: 118.758 GC heap before
{Heap before GC invocations=23 (full 3):
 PSYoungGen      total 595968K, used 595456K [0x00000000d5580000, 0x0000000100000000, 0x0000000100000000)
  eden space 595456K, 100% used [0x00000000d5580000,0x00000000f9b00000,0x00000000f9b00000)
  from space 512K, 0% used [0x00000000f9b00000,0x00000000f9b00000,0x00000000f9b80000)
  to   space 52736K, 0% used [0x00000000fcc80000,0x00000000fcc80000,0x0000000100000000)
 ParOldGen       total 180736K, used 72641K [0x0000000080000000, 0x000000008b080000, 0x00000000d5580000)
  object space 180736K, 40% used [0x0000000080000000,0x00000000846f0450,0x000000008b080000)
 Metaspace       used 59169K, capacity 59696K, committed 60056K, reserved 1101824K
  class space    used 7584K, capacity 7713K, committed 7832K, reserved 1048576K
Event: 118.822 GC heap after
Heap after GC invocations=23 (full 3):
 PSYoungGen      total 644096K, used 31645K [0x00000000d5580000, 0x0000000100000000, 0x0000000100000000)
  eden space 591360K, 0% used [0x00000000d5580000,0x00000000d5580000,0x00000000f9700000)
  from space 52736K, 60% used [0x00000000fcc80000,0x00000000feb676b0,0x0000000100000000)
  to   space 53760K, 0% used [0x00000000f9700000,0x00000000f9700000,0x00000000fcb80000)
 ParOldGen       total 180736K, used 72649K [0x0000000080000000, 0x000000008b080000, 0x00000000d5580000)
  object space 180736K, 40% used [0x0000000080000000,0x00000000846f2450,0x000000008b080000)
 Metaspace       used 59169K, capacity 59696K, committed 60056K, reserved 1101824K
  class space    used 7584K, capacity 7713K, committed 7832K, reserved 1048576K
}
Event: 123.840 GC heap before
{Heap before GC invocations=24 (full 3):
 PSYoungGen      total 644096K, used 623005K [0x00000000d5580000, 0x0000000100000000, 0x0000000100000000)
  eden space 591360K, 100% used [0x00000000d5580000,0x00000000f9700000,0x00000000f9700000)
  from space 52736K, 60% used [0x00000000fcc80000,0x00000000feb676b0,0x0000000100000000)
  to   space 53760K, 0% used [0x00000000f9700000,0x00000000f9700000,0x00000000fcb80000)
 ParOldGen       total 180736K, used 72649K [0x0000000080000000, 0x000000008b080000, 0x00000000d5580000)
  object space 180736K, 40% used [0x0000000080000000,0x00000000846f2450,0x000000008b080000)
 Metaspace       used 60338K, capacity 60898K, committed 61208K, reserved 1101824K
  class space    used 7747K, capacity 7876K, committed 7960K, reserved 1048576K
Event: 124.319 GC heap after
Heap after GC invocations=24 (full 3):
 PSYoungGen      total 645120K, used 27535K [0x00000000d5580000, 0x00000000fff00000, 0x0000000100000000)
  eden space 591360K, 0% used [0x00000000d5580000,0x00000000d5580000,0x00000000f9700000)
  from space 53760K, 51% used [0x00000000f9700000,0x00000000fb1e3fc0,0x00000000fcb80000)
  to   space 52736K, 0% used [0x00000000fcb80000,0x00000000fcb80000,0x00000000fff00000)
 ParOldGen       total 180736K, used 77429K [0x0000000080000000, 0x000000008b080000, 0x00000000d5580000)
  object space 180736K, 42% used [0x0000000080000000,0x0000000084b9d4e0,0x000000008b080000)
 Metaspace       used 60338K, capacity 60898K, committed 61208K, reserved 1101824K
  class space    used 7747K, capacity 7876K, committed 7960K, reserved 1048576K
}

