# JRE version: Java(TM) SE Runtime Environment (8.0_151-b12) (build 1.8.0_151-b12)
# Java VM: Java HotSpot(TM) 64-Bit Server VM (25.151-b12 mixed mode windows-amd64 compressed oops)
Heap:
 PSYoungGen      total 138240K, used 55732K [0x00000000d5580000, 0x00000000e5d00000, 0x0000000100000000)
  eden space 129024K, 36% used [0x00000000d5580000,0x00000000d82eff08,0x00000000dd380000)
  from space 9216K, 99% used [0x00000000de080000,0x00000000de97d1d8,0x00000000de980000)
  to   space 13312K, 0% used [0x00000000dd380000,0x00000000dd380000,0x00000000de080000)
 ParOldGen       total 45568K, used 7020K [0x0000000080000000, 0x0000000082c80000, 0x00000000d5580000)
  object space 45568K, 15% used [0x0000000080000000,0x00000000806db108,0x0000000082c80000)
 Metaspace       used 32075K, capacity 33044K, committed 33280K, reserved 1079296K
  class space    used 4037K, capacity 4278K, committed 4352K, reserved 1048576K
GC Heap History (10 events):
Event: 14.701 GC heap before
{Heap before GC invocations=5 (full 0):
 PSYoungGen      total 71680K, used 71661K [0x00000000d5580000, 0x00000000da080000, 0x0000000100000000)
  eden space 66560K, 100% used [0x00000000d5580000,0x00000000d9680000,0x00000000d9680000)
  from space 5120K, 99% used [0x00000000d9b80000,0x00000000da07b480,0x00000000da080000)
  to   space 5120K, 0% used [0x00000000d9680000,0x00000000d9680000,0x00000000d9b80000)
 ParOldGen       total 87552K, used 3054K [0x0000000080000000, 0x0000000085580000, 0x00000000d5580000)
  object space 87552K, 3% used [0x0000000080000000,0x00000000802fb8b0,0x0000000085580000)
 Metaspace       used 14660K, capacity 14966K, committed 15232K, reserved 1062912K
  class space    used 1728K, capacity 1847K, committed 1920K, reserved 1048576K
Event: 14.719 GC heap after
Heap after GC invocations=5 (full 0):
 PSYoungGen      total 71680K, used 5098K [0x00000000d5580000, 0x00000000de980000, 0x0000000100000000)
  eden space 66560K, 0% used [0x00000000d5580000,0x00000000d5580000,0x00000000d9680000)
  from space 5120K, 99% used [0x00000000d9680000,0x00000000d9b7a9d8,0x00000000d9b80000)
  to   space 9216K, 0% used [0x00000000de080000,0x00000000de080000,0x00000000de980000)
 ParOldGen       total 87552K, used 5381K [0x0000000080000000, 0x0000000085580000, 0x00000000d5580000)
  object space 87552K, 6% used [0x0000000080000000,0x00000000805416f8,0x0000000085580000)
 Metaspace       used 14660K, capacity 14966K, committed 15232K, reserved 1062912K
  class space    used 1728K, capacity 1847K, committed 1920K, reserved 1048576K
}
Event: 17.226 GC heap before
{Heap before GC invocations=6 (full 0):
 PSYoungGen      total 71680K, used 71658K [0x00000000d5580000, 0x00000000de980000, 0x0000000100000000)
  eden space 66560K, 100% used [0x00000000d5580000,0x00000000d9680000,0x00000000d9680000)
  from space 5120K, 99% used [0x00000000d9680000,0x00000000d9b7a9d8,0x00000000d9b80000)
  to   space 9216K, 0% used [0x00000000de080000,0x00000000de080000,0x00000000de980000)
 ParOldGen       total 87552K, used 5381K [0x0000000080000000, 0x0000000085580000, 0x00000000d5580000)
  object space 87552K, 6% used [0x0000000080000000,0x00000000805416f8,0x0000000085580000)
 Metaspace       used 20394K, capacity 20910K, committed 21248K, reserved 1067008K
  class space    used 2544K, capacity 2691K, committed 2816K, reserved 1048576K
Event: 17.252 GC heap after
Heap after GC invocations=6 (full 0):
 PSYoungGen      total 139776K, used 9184K [0x00000000d5580000, 0x00000000dee80000, 0x0000000100000000)
  eden space 130560K, 0% used [0x00000000d5580000,0x00000000d5580000,0x00000000dd500000)
  from space 9216K, 99% used [0x00000000de080000,0x00000000de9780f8,0x00000000de980000)
  to   space 11776K, 0% used [0x00000000dd500000,0x00000000dd500000,0x00000000de080000)
 ParOldGen       total 87552K, used 7021K [0x0000000080000000, 0x0000000085580000, 0x00000000d5580000)
  object space 87552K, 8% used [0x0000000080000000,0x00000000806db700,0x0000000085580000)
 Metaspace       used 20394K, capacity 20910K, committed 21248K, reserved 1067008K
  class space    used 2544K, capacity 2691K, committed 2816K, reserved 1048576K
}
Event: 17.573 GC heap before
{Heap before GC invocations=7 (full 0):
 PSYoungGen      total 139776K, used 13925K [0x00000000d5580000, 0x00000000dee80000, 0x0000000100000000)
  eden space 130560K, 3% used [0x00000000d5580000,0x00000000d5a215c0,0x00000000dd500000)
  from space 9216K, 99% used [0x00000000de080000,0x00000000de9780f8,0x00000000de980000)
  to   space 11776K, 0% used [0x00000000dd500000,0x00000000dd500000,0x00000000de080000)
 ParOldGen       total 87552K, used 7021K [0x0000000080000000, 0x0000000085580000, 0x00000000d5580000)
  object space 87552K, 8% used [0x0000000080000000,0x00000000806db700,0x0000000085580000)
 Metaspace       used 20673K, capacity 21164K, committed 21248K, reserved 1067008K
  class space    used 2582K, capacity 2734K, committed 2816K, reserved 1048576K
Event: 17.621 GC heap after
Heap after GC invocations=7 (full 0):
 PSYoungGen      total 142336K, used 3621K [0x00000000d5580000, 0x00000000dee80000, 0x0000000100000000)
  eden space 130560K, 0% used [0x00000000d5580000,0x00000000d5580000,0x00000000dd500000)
  from space 11776K, 30% used [0x00000000dd500000,0x00000000dd8894e8,0x00000000de080000)
  to   space 9216K, 0% used [0x00000000de080000,0x00000000de080000,0x00000000de980000)
 ParOldGen       total 87552K, used 9128K [0x0000000080000000, 0x0000000085580000, 0x00000000d5580000)
  object space 87552K, 10% used [0x0000000080000000,0x00000000808ea080,0x0000000085580000)
 Metaspace       used 20673K, capacity 21164K, committed 21248K, reserved 1067008K
  class space    used 2582K, capacity 2734K, committed 2816K, reserved 1048576K
}
Event: 17.621 GC heap before
{Heap before GC invocations=8 (full 1):
 PSYoungGen      total 142336K, used 3621K [0x00000000d5580000, 0x00000000dee80000, 0x0000000100000000)
  eden space 130560K, 0% used [0x00000000d5580000,0x00000000d5580000,0x00000000dd500000)
  from space 11776K, 30% used [0x00000000dd500000,0x00000000dd8894e8,0x00000000de080000)
  to   space 9216K, 0% used [0x00000000de080000,0x00000000de080000,0x00000000de980000)
 ParOldGen       total 87552K, used 9128K [0x0000000080000000, 0x0000000085580000, 0x00000000d5580000)
  object space 87552K, 10% used [0x0000000080000000,0x00000000808ea080,0x0000000085580000)
 Metaspace       used 20673K, capacity 21164K, committed 21248K, reserved 1067008K
  class space    used 2582K, capacity 2734K, committed 2816K, reserved 1048576K
Event: 17.732 GC heap after
Heap after GC invocations=8 (full 1):
 PSYoungGen      total 142336K, used 0K [0x00000000d5580000, 0x00000000dee80000, 0x0000000100000000)
  eden space 130560K, 0% used [0x00000000d5580000,0x00000000d5580000,0x00000000dd500000)
  from space 11776K, 0% used [0x00000000dd500000,0x00000000dd500000,0x00000000de080000)
  to   space 9216K, 0% used [0x00000000de080000,0x00000000de080000,0x00000000de980000)
 ParOldGen       total 45568K, used 4906K [0x0000000080000000, 0x0000000082c80000, 0x00000000d5580000)
  object space 45568K, 10% used [0x0000000080000000,0x00000000804caac0,0x0000000082c80000)
 Metaspace       used 20672K, capacity 21158K, committed 21248K, reserved 1067008K
  class space    used 2581K, capacity 2733K, committed 2816K, reserved 1048576K
}
Event: 29.599 GC heap before
{Heap before GC invocations=9 (full 1):
 PSYoungGen      total 142336K, used 130560K [0x00000000d5580000, 0x00000000dee80000, 0x0000000100000000)
  eden space 130560K, 100% used [0x00000000d5580000,0x00000000dd500000,0x00000000dd500000)
  from space 11776K, 0% used [0x00000000dd500000,0x00000000dd500000,0x00000000de080000)
  to   space 9216K, 0% used [0x00000000de080000,0x00000000de080000,0x00000000de980000)
 ParOldGen       total 45568K, used 4906K [0x0000000080000000, 0x0000000082c80000, 0x00000000d5580000)
  object space 45568K, 10% used [0x0000000080000000,0x00000000804caac0,0x0000000082c80000)
 Metaspace       used 31461K, capacity 32340K, committed 32384K, reserved 1077248K
  class space    used 4000K, capacity 4214K, committed 4224K, reserved 1048576K
Event: 29.624 GC heap after
Heap after GC invocations=9 (full 1):
 PSYoungGen      total 138240K, used 9204K [0x00000000d5580000, 0x00000000e5d00000, 0x0000000100000000)
  eden space 129024K, 0% used [0x00000000d5580000,0x00000000d5580000,0x00000000dd380000)
  from space 9216K, 99% used [0x00000000de080000,0x00000000de97d1d8,0x00000000de980000)
  to   space 13312K, 0% used [0x00000000dd380000,0x00000000dd380000,0x00000000de080000)
 ParOldGen       total 45568K, used 7020K [0x0000000080000000, 0x0000000082c80000, 0x00000000d5580000)
  object space 45568K, 15% used [0x0000000080000000,0x00000000806db108,0x0000000082c80000)
 Metaspace       used 31461K, capacity 32340K, committed 32384K, reserved 1077248K
  class space    used 4000K, capacity 4214K, committed 4224K, reserved 1048576K
}

