# JRE version: Java(TM) SE Runtime Environment (8.0_151-b12) (build 1.8.0_151-b12)
# Java VM: Java HotSpot(TM) 64-Bit Server VM (25.151-b12 mixed mode windows-amd64 compressed oops)
Heap:
 PSYoungGen      total 75776K, used 40671K [0x00000000d5580000, 0x00000000db000000, 0x0000000100000000)
  eden space 64512K, 49% used [0x00000000d5580000,0x00000000d74c2cb8,0x00000000d9480000)
  from space 11264K, 76% used [0x00000000d9480000,0x00000000d9cf5130,0x00000000d9f80000)
  to   space 12288K, 0% used [0x00000000da400000,0x00000000da400000,0x00000000db000000)
 ParOldGen       total 55296K, used 7767K [0x0000000080000000, 0x0000000083600000, 0x00000000d5580000)
  object space 55296K, 14% used [0x0000000080000000,0x0000000080795d48,0x0000000083600000)
 Metaspace       used 38409K, capacity 39822K, committed 39936K, reserved 1085440K
  class space    used 4989K, capacity 5266K, committed 5376K, reserved 1048576K
GC Heap History (10 events):
Event: 25.334 GC heap before
{Heap before GC invocations=15 (full 4):
 PSYoungGen      total 71680K, used 0K [0x00000000d5580000, 0x00000000da080000, 0x0000000100000000)
  eden space 66560K, 0% used [0x00000000d5580000,0x00000000d5580000,0x00000000d9680000)
  from space 5120K, 0% used [0x00000000d9680000,0x00000000d9680000,0x00000000d9b80000)
  to   space 5120K, 0% used [0x00000000d9b80000,0x00000000d9b80000,0x00000000da080000)
 ParOldGen       total 55296K, used 9262K [0x0000000080000000, 0x0000000083600000, 0x00000000d5580000)
  object space 55296K, 16% used [0x0000000080000000,0x000000008090bae8,0x0000000083600000)
 Metaspace       used 32550K, capacity 33476K, committed 33536K, reserved 1085440K
  class space    used 4072K, capacity 4310K, committed 4352K, reserved 1048576K
Event: 25.534 GC heap after
Heap after GC invocations=15 (full 4):
 PSYoungGen      total 71680K, used 0K [0x00000000d5580000, 0x00000000da080000, 0x0000000100000000)
  eden space 66560K, 0% used [0x00000000d5580000,0x00000000d5580000,0x00000000d9680000)
  from space 5120K, 0% used [0x00000000d9680000,0x00000000d9680000,0x00000000d9b80000)
  to   space 5120K, 0% used [0x00000000d9b80000,0x00000000d9b80000,0x00000000da080000)
 ParOldGen       total 55296K, used 7759K [0x0000000080000000, 0x0000000083600000, 0x00000000d5580000)
  object space 55296K, 14% used [0x0000000080000000,0x0000000080793d48,0x0000000083600000)
 Metaspace       used 32507K, capacity 33408K, committed 33536K, reserved 1081344K
  class space    used 4063K, capacity 4294K, committed 4352K, reserved 1048576K
}
Event: 27.392 GC heap before
{Heap before GC invocations=16 (full 4):
 PSYoungGen      total 71680K, used 66560K [0x00000000d5580000, 0x00000000da080000, 0x0000000100000000)
  eden space 66560K, 100% used [0x00000000d5580000,0x00000000d9680000,0x00000000d9680000)
  from space 5120K, 0% used [0x00000000d9680000,0x00000000d9680000,0x00000000d9b80000)
  to   space 5120K, 0% used [0x00000000d9b80000,0x00000000d9b80000,0x00000000da080000)
 ParOldGen       total 55296K, used 7759K [0x0000000080000000, 0x0000000083600000, 0x00000000d5580000)
  object space 55296K, 14% used [0x0000000080000000,0x0000000080793d48,0x0000000083600000)
 Metaspace       used 33884K, capacity 34874K, committed 34944K, reserved 1081344K
  class space    used 4238K, capacity 4456K, committed 4480K, reserved 1048576K
Event: 27.403 GC heap after
Heap after GC invocations=16 (full 4):
 PSYoungGen      total 65536K, used 4192K [0x00000000d5580000, 0x00000000db280000, 0x0000000100000000)
  eden space 60416K, 0% used [0x00000000d5580000,0x00000000d5580000,0x00000000d9080000)
  from space 5120K, 81% used [0x00000000d9b80000,0x00000000d9f98068,0x00000000da080000)
  to   space 11264K, 0% used [0x00000000d9080000,0x00000000d9080000,0x00000000d9b80000)
 ParOldGen       total 55296K, used 7759K [0x0000000080000000, 0x0000000083600000, 0x00000000d5580000)
  object space 55296K, 14% used [0x0000000080000000,0x0000000080793d48,0x0000000083600000)
 Metaspace       used 33884K, capacity 34874K, committed 34944K, reserved 1081344K
  class space    used 4238K, capacity 4456K, committed 4480K, reserved 1048576K
}
Event: 28.928 GC heap before
{Heap before GC invocations=17 (full 4):
 PSYoungGen      total 65536K, used 64608K [0x00000000d5580000, 0x00000000db280000, 0x0000000100000000)
  eden space 60416K, 100% used [0x00000000d5580000,0x00000000d9080000,0x00000000d9080000)
  from space 5120K, 81% used [0x00000000d9b80000,0x00000000d9f98068,0x00000000da080000)
  to   space 11264K, 0% used [0x00000000d9080000,0x00000000d9080000,0x00000000d9b80000)
 ParOldGen       total 55296K, used 7759K [0x0000000080000000, 0x0000000083600000, 0x00000000d5580000)
  object space 55296K, 14% used [0x0000000080000000,0x0000000080793d48,0x0000000083600000)
 Metaspace       used 34372K, capacity 35396K, committed 35584K, reserved 1081344K
  class space    used 4304K, capacity 4535K, committed 4608K, reserved 1048576K
Event: 28.943 GC heap after
Heap after GC invocations=17 (full 4):
 PSYoungGen      total 71680K, used 5529K [0x00000000d5580000, 0x00000000daa00000, 0x0000000100000000)
  eden space 60416K, 0% used [0x00000000d5580000,0x00000000d5580000,0x00000000d9080000)
  from space 11264K, 49% used [0x00000000d9080000,0x00000000d95e64e0,0x00000000d9b80000)
  to   space 10752K, 0% used [0x00000000d9f80000,0x00000000d9f80000,0x00000000daa00000)
 ParOldGen       total 55296K, used 7767K [0x0000000080000000, 0x0000000083600000, 0x00000000d5580000)
  object space 55296K, 14% used [0x0000000080000000,0x0000000080795d48,0x0000000083600000)
 Metaspace       used 34372K, capacity 35396K, committed 35584K, reserved 1081344K
  class space    used 4304K, capacity 4535K, committed 4608K, reserved 1048576K
}
Event: 30.838 GC heap before
{Heap before GC invocations=18 (full 4):
 PSYoungGen      total 71680K, used 65945K [0x00000000d5580000, 0x00000000daa00000, 0x0000000100000000)
  eden space 60416K, 100% used [0x00000000d5580000,0x00000000d9080000,0x00000000d9080000)
  from space 11264K, 49% used [0x00000000d9080000,0x00000000d95e64e0,0x00000000d9b80000)
  to   space 10752K, 0% used [0x00000000d9f80000,0x00000000d9f80000,0x00000000daa00000)
 ParOldGen       total 55296K, used 7767K [0x0000000080000000, 0x0000000083600000, 0x00000000d5580000)
  object space 55296K, 14% used [0x0000000080000000,0x0000000080795d48,0x0000000083600000)
 Metaspace       used 35762K, capacity 36898K, committed 37120K, reserved 1083392K
  class space    used 4500K, capacity 4740K, committed 4864K, reserved 1048576K
Event: 30.883 GC heap after
Heap after GC invocations=18 (full 4):
 PSYoungGen      total 75264K, used 8045K [0x00000000d5580000, 0x00000000daa80000, 0x0000000100000000)
  eden space 64512K, 0% used [0x00000000d5580000,0x00000000d5580000,0x00000000d9480000)
  from space 10752K, 74% used [0x00000000d9f80000,0x00000000da75b408,0x00000000daa00000)
  to   space 11264K, 0% used [0x00000000d9480000,0x00000000d9480000,0x00000000d9f80000)
 ParOldGen       total 55296K, used 7767K [0x0000000080000000, 0x0000000083600000, 0x00000000d5580000)
  object space 55296K, 14% used [0x0000000080000000,0x0000000080795d48,0x0000000083600000)
 Metaspace       used 35762K, capacity 36898K, committed 37120K, reserved 1083392K
  class space    used 4500K, capacity 4740K, committed 4864K, reserved 1048576K
}
Event: 32.406 GC heap before
{Heap before GC invocations=19 (full 4):
 PSYoungGen      total 75264K, used 72557K [0x00000000d5580000, 0x00000000daa80000, 0x0000000100000000)
  eden space 64512K, 100% used [0x00000000d5580000,0x00000000d9480000,0x00000000d9480000)
  from space 10752K, 74% used [0x00000000d9f80000,0x00000000da75b408,0x00000000daa00000)
  to   space 11264K, 0% used [0x00000000d9480000,0x00000000d9480000,0x00000000d9f80000)
 ParOldGen       total 55296K, used 7767K [0x0000000080000000, 0x0000000083600000, 0x00000000d5580000)
  object space 55296K, 14% used [0x0000000080000000,0x0000000080795d48,0x0000000083600000)
 Metaspace       used 37050K, capacity 38206K, committed 38272K, reserved 1083392K
  class space    used 4716K, capacity 4950K, committed 4992K, reserved 1048576K
Event: 32.425 GC heap after
Heap after GC invocations=19 (full 4):
 PSYoungGen      total 75776K, used 8660K [0x00000000d5580000, 0x00000000db000000, 0x0000000100000000)
  eden space 64512K, 0% used [0x00000000d5580000,0x00000000d5580000,0x00000000d9480000)
  from space 11264K, 76% used [0x00000000d9480000,0x00000000d9cf5130,0x00000000d9f80000)
  to   space 12288K, 0% used [0x00000000da400000,0x00000000da400000,0x00000000db000000)
 ParOldGen       total 55296K, used 7767K [0x0000000080000000, 0x0000000083600000, 0x00000000d5580000)
  object space 55296K, 14% used [0x0000000080000000,0x0000000080795d48,0x0000000083600000)
 Metaspace       used 37050K, capacity 38206K, committed 38272K, reserved 1083392K
  class space    used 4716K, capacity 4950K, committed 4992K, reserved 1048576K
}

